This is LuaTeX, Version 1.18.1 (MiKTeX 24.4) (format=dvilualatex 2024.10.17)  17 OCT 2024 16:11
 restricted system commands enabled.
**c:/Users/pli6/Dropbox/Apps/Overleaf/ANT_Geophysics/geophysics_paper.tex
(c:/Users/pli6/Dropbox/Apps/Overleaf/ANT_Geophysics/geophysics_paper.tex
LaTeX2e <2024-06-01> patch level 2
L3 programming layer <2024-08-30>
Lua module: luaotfload 2024-02-14 3.28 Lua based OpenType font support
Lua module: lualibs 2023-07-13 2.76 ConTeXt Lua standard libraries.
Lua module: lualibs-extended 2023-07-13 2.76 ConTeXt Lua libraries -- extended c
ollection.
luaotfload | conf : Root cache directory is "C:/Users/pli6/AppData/Local/MiKTeX/
luatex-cache/generic/names".
luaotfload | init : Loading fontloader "fontloader-2023-12-28.lua" from kpse-res
olved path "C:/Users/pli6/AppData/Local/Programs/MiKTeX/tex/luatex/luaotfload/fo
ntloader-2023-12-28.lua".
Lua-only attribute luaotfload@noligature = 1
luaotfload | init : Context OpenType loader version 3.134
Inserting `luaotfload.node_processor' in `pre_linebreak_filter'.
Inserting `luaotfload.node_processor' in `hpack_filter'.
Inserting `luaotfload.glyph_stream' in `glyph_stream_provider'.
Inserting `luaotfload.define_font' in `define_font'.
Lua-only attribute luaotfload_color_attribute = 2
luaotfload | conf : Root cache directory is "C:/Users/pli6/AppData/Local/MiKTeX/
luatex-cache/generic/names".
Lua-only attribute luaotfload.letterspace_done = 3
Inserting `luaotfload.aux.set_sscale_dimens' in `luaotfload.patch_font'.
Inserting `luaotfload.aux.set_font_index' in `luaotfload.patch_font'.
Inserting `luaotfload.aux.patch_cambria_domh' in `luaotfload.patch_font'.
Inserting `luaotfload.aux.fixup_fontdata' in `luaotfload.patch_font_unsafe'.
Inserting `luaotfload.aux.set_capheight' in `luaotfload.patch_font'.
Inserting `luaotfload.aux.set_xheight' in `luaotfload.patch_font'.
Inserting `luaotfload.rewrite_fontname' in `luaotfload.patch_font'.
Inserting `tracingstacklevels' in `input_level_string'. (./geophysics.cls
Document Class: geophysics 2007/02/14 v3.0 Geophysics paper
(C:/Users/pli6/AppData/Local/Programs/MiKTeX/tex/latex/base/ifthen.sty
Package: ifthen 2024/03/16 v1.1e Standard LaTeX ifthen package (DPC)
)
(C:/Users/pli6/AppData/Local/Programs/MiKTeX/tex/latex/base/article.cls
Document Class: article 2024/02/08 v1.4n Standard LaTeX document class
(C:/Users/pli6/AppData/Local/Programs/MiKTeX/tex/latex/base/size12.clo
File: size12.clo 2024/02/08 v1.4n Standard LaTeX file (size option)
luaotfload | db : Font names database loaded from C:/Users/pli6/AppData/Local/Mi
KTeX/luatex-cache/generic/names/luaotfload-names.luc.gz
Inserting `luaotfload.dvi' in `pre_shipout_filter'.)
\c@part=\count192
\c@section=\count193
\c@subsection=\count194
\c@subsubsection=\count195
\c@paragraph=\count196
\c@subparagraph=\count197
\c@figure=\count198
\c@table=\count199
\abovecaptionskip=\skip49
\belowcaptionskip=\skip50
\bibindent=\dimen140
)
(./seg.sty
(C:/Users/pli6/AppData/Local/Programs/MiKTeX/tex/generic/iftex/ifpdf.sty
Package: ifpdf 2019/10/25 v3.4 ifpdf legacy package. Use iftex instead.

(C:/Users/pli6/AppData/Local/Programs/MiKTeX/tex/generic/iftex/iftex.sty
Package: iftex 2022/02/03 v1.0f TeX engine tests
))
(C:/Users/pli6/AppData/Local/Programs/MiKTeX/tex/latex/graphics/graphicx.sty
Package: graphicx 2021/09/16 v1.2d Enhanced LaTeX Graphics (DPC,SPQR)

(C:/Users/pli6/AppData/Local/Programs/MiKTeX/tex/latex/graphics/keyval.sty
Package: keyval 2022/05/29 v1.15 key=value parser (DPC)
\KV@toks@=\toks17
)
(C:/Users/pli6/AppData/Local/Programs/MiKTeX/tex/latex/graphics/graphics.sty
Package: graphics 2024/05/23 v1.4g Standard LaTeX Graphics (DPC,SPQR)

(C:/Users/pli6/AppData/Local/Programs/MiKTeX/tex/latex/graphics/trig.sty
Package: trig 2023/12/02 v1.11 sin cos tan (DPC)
)
(C:/Users/pli6/AppData/Local/Programs/MiKTeX/tex/latex/graphics-cfg/graphics.cf
g
File: graphics.cfg 2016/06/04 v1.11 sample graphics configuration
)
Package graphics Info: Driver file: dvips.def on input line 106.

(C:/Users/pli6/AppData/Local/Programs/MiKTeX/tex/latex/graphics-def/dvips.def
File: dvips.def 2022/09/22 v3.1e Graphics/color driver for dvips
))
\Gin@req@height=\dimen141
\Gin@req@width=\dimen142
) (C:/Users/pli6/AppData/Local/Programs/MiKTeX/tex/latex/tools/verbatim.sty
Package: verbatim 2024-01-22 v1.5x LaTeX2e package for verbatim enhancements
\every@verbatim=\toks18
\verbatim@line=\toks19
\verbatim@in@stream=\read2
)
(C:/Users/pli6/AppData/Local/Programs/MiKTeX/tex/latex/moreverb/moreverb.sty
Package: moreverb 2008/06/03 v2.3a `more' verbatim facilities
\tab@position=\count266
\tab@size=\count267
\listing@line=\count268
))
(C:/Users/pli6/AppData/Local/Programs/MiKTeX/tex/latex/graphics/rotating.sty
Package: rotating 2016/08/11 v2.16d rotated objects in LaTeX
\c@r@tfl@t=\count269
\rotFPtop=\skip51
\rotFPbot=\skip52
\rot@float@box=\box52
\rot@mess@toks=\toks20
)
\c@@plots=\count270

(C:/Users/pli6/AppData/Local/Programs/MiKTeX/tex/latex/subfig/subfig.sty
Package: subfig 2005/06/28 ver: 1.3 subfig package

(C:/Users/pli6/AppData/Local/Programs/MiKTeX/tex/latex/caption/caption.sty
Package: caption 2023/08/05 v3.6o Customizing captions (AR)

(C:/Users/pli6/AppData/Local/Programs/MiKTeX/tex/latex/caption/caption3.sty
Package: caption3 2023/07/31 v2.4d caption3 kernel (AR)
\caption@tempdima=\dimen143
\captionmargin=\dimen144
\caption@leftmargin=\dimen145
\caption@rightmargin=\dimen146
\caption@width=\dimen147
\caption@indent=\dimen148
\caption@parindent=\dimen149
\caption@hangindent=\dimen150
Package caption Info: Standard document class detected.
)
\c@caption@flags=\count271
\c@continuedfloat=\count272
Package caption Info: rotating package is loaded.
)
\c@KVtest=\count273
\sf@farskip=\skip53
\sf@captopadj=\dimen151
\sf@capskip=\skip54
\sf@nearskip=\skip55
\c@subfigure=\count274
\c@subfigure@save=\count275
\c@lofdepth=\count276
\c@subtable=\count277
\c@subtable@save=\count278
\c@lotdepth=\count279
\sf@top=\skip56
\sf@bottom=\skip57
)
\c@sub@fig=\count280
\c@@tabls=\count281

(C:/Users/pli6/AppData/Local/Programs/MiKTeX/tex/latex/graphics/color.sty
Package: color 2024/01/14 v1.3d Standard LaTeX Color (DPC)

(C:/Users/pli6/AppData/Local/Programs/MiKTeX/tex/latex/graphics-cfg/color.cfg
File: color.cfg 2016/01/02 v1.6 sample color configuration
)
Package color Info: Driver file: dvips.def on input line 149.

(C:/Users/pli6/AppData/Local/Programs/MiKTeX/tex/latex/graphics/dvipsnam.def
File: dvipsnam.def 2016/06/17 v3.0m Driver-dependent file (DPC,SPQR)
)
(C:/Users/pli6/AppData/Local/Programs/MiKTeX/tex/latex/graphics/mathcolor.ltx)) (C:/Users/pli6/AppData/Local/Programs/MiKTeX/tex/generic/soul/soul.sty
Package: soul 2023-06-14 v3.1 Permit use of UTF-8 characters in soul (HO)

(C:/Users/pli6/AppData/Local/Programs/MiKTeX/tex/generic/soul/soul-ori.sty
Package: soul-ori 2023-06-14 v3.1 letterspacing/underlining (mf)
\SOUL@word=\toks21
\SOUL@lasttoken=\toks22
\SOUL@syllable=\toks23
\SOUL@cmds=\toks24
\SOUL@buffer=\toks25
\SOUL@token=\toks26
\SOUL@syllgoal=\dimen152
\SOUL@syllwidth=\dimen153
\SOUL@charkern=\dimen154
\SOUL@hyphkern=\dimen155
\SOUL@dimen=\dimen156
\SOUL@dimeni=\dimen157
\SOUL@minus=\count282
\SOUL@comma=\count283
\SOUL@apo=\count284
\SOUL@grave=\count285
\SOUL@spaceskip=\skip58
\SOUL@ttwidth=\dimen158
\SOUL@uldp=\dimen159
\SOUL@ulht=\dimen160
)
(C:/Users/pli6/AppData/Local/Programs/MiKTeX/tex/generic/infwarerr/infwarerr.st
y
Package: infwarerr 2019/12/03 v1.5 Providing info/warning/error messages (HO)
)
(C:/Users/pli6/AppData/Local/Programs/MiKTeX/tex/generic/etexcmds/etexcmds.sty
Package: etexcmds 2019/12/15 v1.7 Avoid name clashes with e-TeX commands (HO)
)) (C:/Users/pli6/AppData/Local/Programs/MiKTeX/tex/latex/natbib/natbib.sty
Package: natbib 2010/09/13 8.31b (PWD, AO)
\bibhang=\skip59
\bibsep=\skip60
LaTeX Info: Redefining \cite on input line 694.
\c@NAT@ctr=\count286
)
LaTeX Info: Redefining \refname on input line 331.
\seg@abstract=\box53
\c@@append=\count287
)
(C:/Users/pli6/AppData/Local/Programs/MiKTeX/tex/latex/l3backend/l3backend-dvip
s.def
File: l3backend-dvips.def 2024-05-08 L3 backend support: dvips
\l__pdf_internal_box=\box54
\l__pdf_backend_content_box=\box55
\l__pdf_backend_model_box=\box56
\g__pdf_backend_annotation_int=\count288
\g__pdf_backend_link_int=\count289
\g__pdf_backend_link_sf_int=\count290
) (./geophysics_paper.aux)
\openout1 = geophysics_paper.aux

LaTeX Font Info:    Checking defaults for OML/cmm/m/it on input line 8.
LaTeX Font Info:    ... okay on input line 8.
LaTeX Font Info:    Checking defaults for OMS/cmsy/m/n on input line 8.
LaTeX Font Info:    ... okay on input line 8.
LaTeX Font Info:    Checking defaults for OT1/cmr/m/n on input line 8.
LaTeX Font Info:    ... okay on input line 8.
LaTeX Font Info:    Checking defaults for T1/cmr/m/n on input line 8.
LaTeX Font Info:    ... okay on input line 8.
LaTeX Font Info:    Checking defaults for TS1/cmr/m/n on input line 8.
LaTeX Font Info:    Trying to load font information for TS1+cmr on input line 8
.

(C:/Users/pli6/AppData/Local/Programs/MiKTeX/tex/latex/base/ts1cmr.fd
File: ts1cmr.fd 2023/04/13 v2.5m Standard LaTeX font definitions
)
LaTeX Font Info:    ... okay on input line 8.
LaTeX Font Info:    Checking defaults for TU/lmr/m/n on input line 8.
LaTeX Font Info:    ... okay on input line 8.
LaTeX Font Info:    Checking defaults for OMX/cmex/m/n on input line 8.
LaTeX Font Info:    ... okay on input line 8.
LaTeX Font Info:    Checking defaults for U/cmr/m/n on input line 8.
LaTeX Font Info:    ... okay on input line 8.
Package caption Info: Begin \AtBeginDocument code.
Package caption Info: subfig package v1.3 is loaded.
Package caption Info: End \AtBeginDocument code.
LaTeX Font Info:    External font `cmex10' loaded for size
(Font)              <12> on input line 33.
LaTeX Font Info:    External font `cmex10' loaded for size
(Font)              <8> on input line 33.
LaTeX Font Info:    External font `cmex10' loaded for size
(Font)              <6> on input line 33.


Package natbib Warning: Citation `lamport' on page 1 undefined on input line 41
.


Package natbib Warning: Citation `kopka' on page 1 undefined on input line 42.

File: ./Fig/waves.eps Graphic file (type eps)
<./Fig/waves.eps>
Underfull \hbox (badness 10000) in paragraph at lines 88--88
[]\TU/lmr/m/n/12 Fig-ure 1: |This fig-ure is spec-i-fied in the doc-u-ment by
 []

File: ./Fig/exph.eps Graphic file (type eps)
<./Fig/exph.eps>
File: ./Fig/exgr.eps Graphic file (type eps)
 <./Fig/exgr.eps>

[1

]

Package natbib Warning: Citation `Cerveny' on page 2 undefined on input line 14
2.


Package natbib Warning: Citation `forgues96' on page 2 undefined on input line 
144.



[2]

[3]

LaTeX Warning: Reference `eqn:partial' on page 4 undefined on input line 161.


LaTeX Warning: Reference `equations' on page 4 undefined on input line 162.


LaTeX Warning: Reference `fig:errgrp' on page 4 undefined on input line 177.


Underfull \hbox (badness 8170) in paragraph at lines 182--182
[]\TU/lmr/m/n/12 Fig-ure B-1: |This fig-ure is
 []


Underfull \hbox (badness 3471) in paragraph at lines 182--182
\TU/lmr/m/n/12 spec-i-fied in the doc-u-ment by
 []


Overfull \hbox (30.13446pt too wide) in paragraph at lines 182--182
\OMS/cmsy/m/n/12 n$\TU/lmtt/m/n/12 sideplot{errgrp}{width=0.8$\OMS/cmsy/m/n/12 
n$\TU/lmtt/m/n/12 text-
 []


! LaTeX Error: File `./Fig/errgrp' not found.

See the LaTeX manual or LaTeX Companion for explanation.
Type  H <return>  for immediate help.
 ...                                              
                                                  
l.182 }
     

Here is how much of LuaTeX's memory you used:
 3816 strings out of 475905
 100000,662416 words of node,token memory allocated
 8944 words of node memory still in use:
   179 hlist, 26 vlist, 21 rule, 41 disc, 13 local_par, 5 dir, 5 math, 171 glue,
 86 kern, 34 penalty, 511 glyph, 127 attribute, 76 glue_spec, 127 attribute_list
, 6 temp, 2 if_stack, 8 write, 7 special nodes
   avail lists: 2:561,3:209,4:12,5:322,6:53,7:4030,8:46,9:465,10:11,11:240
 26397 multiletter control sequences out of 65536+600000
 50 fonts using 4368767 bytes
 87i,11n,91p,352b,441s stack positions out of 10000i,1000n,20000p,200000b,200000s
!  ==> Fatal error occurred, bad output DVI file produced!
Output written on geophysics_paper.dvi (3 pages, 10128 bytes).
